<?xml version="1.0" encoding="UTF-8"?>
<testsuite xmlns:xsi="http://www.w3.org/2001/XMLSchema-instance" xsi:noNamespaceSchemaLocation="https://maven.apache.org/surefire/maven-surefire-plugin/xsd/surefire-test-report-3.0.xsd" version="3.0" name="UserServiceTest" time="0.054" tests="5" errors="0" skipped="0" failures="0">
  <properties>
    <property name="socksProxyHost" value="127.0.0.1"/>
    <property name="http.proxyHost" value="127.0.0.1"/>
    <property name="java.specification.version" value="17"/>
    <property name="sun.jnu.encoding" value="UTF-8"/>
    <property name="java.class.path" value="/Users/zjl/Documents/Codes/javaweb/Maven/web-project01/maven-project01/target/test-classes:/Users/zjl/Documents/Codes/javaweb/Maven/web-project01/maven-project01/target/classes:/Users/zjl/.m2/repository/org/springframework/spring-context/6.1.14/spring-context-6.1.14.jar:/Users/zjl/.m2/repository/org/springframework/spring-aop/6.1.14/spring-aop-6.1.14.jar:/Users/zjl/.m2/repository/org/springframework/spring-beans/6.1.14/spring-beans-6.1.14.jar:/Users/zjl/.m2/repository/org/springframework/spring-core/6.1.14/spring-core-6.1.14.jar:/Users/zjl/.m2/repository/org/springframework/spring-jcl/6.1.14/spring-jcl-6.1.14.jar:/Users/zjl/.m2/repository/org/springframework/spring-expression/6.1.14/spring-expression-6.1.14.jar:/Users/zjl/.m2/repository/io/micrometer/micrometer-observation/1.12.11/micrometer-observation-1.12.11.jar:/Users/zjl/.m2/repository/io/micrometer/micrometer-commons/1.12.11/micrometer-commons-1.12.11.jar:/Users/zjl/.m2/repository/org/junit/jupiter/junit-jupiter/5.9.1/junit-jupiter-5.9.1.jar:/Users/zjl/.m2/repository/org/junit/jupiter/junit-jupiter-api/5.9.1/junit-jupiter-api-5.9.1.jar:/Users/zjl/.m2/repository/org/opentest4j/opentest4j/1.2.0/opentest4j-1.2.0.jar:/Users/zjl/.m2/repository/org/junit/platform/junit-platform-commons/1.9.1/junit-platform-commons-1.9.1.jar:/Users/zjl/.m2/repository/org/apiguardian/apiguardian-api/1.1.2/apiguardian-api-1.1.2.jar:/Users/zjl/.m2/repository/org/junit/jupiter/junit-jupiter-params/5.9.1/junit-jupiter-params-5.9.1.jar:/Users/zjl/.m2/repository/org/junit/jupiter/junit-jupiter-engine/5.9.1/junit-jupiter-engine-5.9.1.jar:/Users/zjl/.m2/repository/org/junit/platform/junit-platform-engine/1.9.1/junit-platform-engine-1.9.1.jar:"/>
    <property name="https.proxyPort" value="6152"/>
    <property name="java.vm.vendor" value="Homebrew"/>
    <property name="sun.arch.data.model" value="64"/>
    <property name="java.vendor.url" value="https://github.com/Homebrew/homebrew-core/issues"/>
    <property name="user.timezone" value="Asia/Shanghai"/>
    <property name="os.name" value="Mac OS X"/>
    <property name="java.vm.specification.version" value="17"/>
    <property name="sun.java.launcher" value="SUN_STANDARD"/>
    <property name="user.country" value="CN"/>
    <property name="sun.boot.library.path" value="/opt/homebrew/Cellar/openjdk@17/17.0.13/libexec/openjdk.jdk/Contents/Home/lib"/>
    <property name="sun.java.command" value="/Users/zjl/Documents/Codes/javaweb/Maven/web-project01/maven-project01/target/surefire/surefirebooter-20241108222506011_3.jar /Users/zjl/Documents/Codes/javaweb/Maven/web-project01/maven-project01/target/surefire 2024-11-08T22-25-04_797-jvmRun1 surefire-20241108222506011_1tmp surefire_0-20241108222506011_2tmp"/>
    <property name="http.nonProxyHosts" value="skip-proxy = 127.0.0.1|*.skip-proxy = 127.0.0.1|192.168.0.0/16|*.192.168.0.0/16|10.0.0.0/8|*.10.0.0.0/8|172.16.0.0/12|*.172.16.0.0/12|100.64.0.0/10|*.100.64.0.0/10|localhost|*.localhost|local|*.local|iosapps.itunes.apple.com|*.iosapps.itunes.apple.com|seed-sequoia.siri.apple.com|*.seed-sequoia.siri.apple.com|sequoia.apple.com|*.sequoia.apple.com"/>
    <property name="jdk.debug" value="release"/>
    <property name="surefire.test.class.path" value="/Users/zjl/Documents/Codes/javaweb/Maven/web-project01/maven-project01/target/test-classes:/Users/zjl/Documents/Codes/javaweb/Maven/web-project01/maven-project01/target/classes:/Users/zjl/.m2/repository/org/springframework/spring-context/6.1.14/spring-context-6.1.14.jar:/Users/zjl/.m2/repository/org/springframework/spring-aop/6.1.14/spring-aop-6.1.14.jar:/Users/zjl/.m2/repository/org/springframework/spring-beans/6.1.14/spring-beans-6.1.14.jar:/Users/zjl/.m2/repository/org/springframework/spring-core/6.1.14/spring-core-6.1.14.jar:/Users/zjl/.m2/repository/org/springframework/spring-jcl/6.1.14/spring-jcl-6.1.14.jar:/Users/zjl/.m2/repository/org/springframework/spring-expression/6.1.14/spring-expression-6.1.14.jar:/Users/zjl/.m2/repository/io/micrometer/micrometer-observation/1.12.11/micrometer-observation-1.12.11.jar:/Users/zjl/.m2/repository/io/micrometer/micrometer-commons/1.12.11/micrometer-commons-1.12.11.jar:/Users/zjl/.m2/repository/org/junit/jupiter/junit-jupiter/5.9.1/junit-jupiter-5.9.1.jar:/Users/zjl/.m2/repository/org/junit/jupiter/junit-jupiter-api/5.9.1/junit-jupiter-api-5.9.1.jar:/Users/zjl/.m2/repository/org/opentest4j/opentest4j/1.2.0/opentest4j-1.2.0.jar:/Users/zjl/.m2/repository/org/junit/platform/junit-platform-commons/1.9.1/junit-platform-commons-1.9.1.jar:/Users/zjl/.m2/repository/org/apiguardian/apiguardian-api/1.1.2/apiguardian-api-1.1.2.jar:/Users/zjl/.m2/repository/org/junit/jupiter/junit-jupiter-params/5.9.1/junit-jupiter-params-5.9.1.jar:/Users/zjl/.m2/repository/org/junit/jupiter/junit-jupiter-engine/5.9.1/junit-jupiter-engine-5.9.1.jar:/Users/zjl/.m2/repository/org/junit/platform/junit-platform-engine/1.9.1/junit-platform-engine-1.9.1.jar:"/>
    <property name="sun.cpu.endian" value="little"/>
    <property name="user.home" value="/Users/zjl"/>
    <property name="user.language" value="zh"/>
    <property name="java.specification.vendor" value="Oracle Corporation"/>
    <property name="java.version.date" value="2024-10-15"/>
    <property name="java.home" value="/opt/homebrew/Cellar/openjdk@17/17.0.13/libexec/openjdk.jdk/Contents/Home"/>
    <property name="file.separator" value="/"/>
    <property name="https.proxyHost" value="127.0.0.1"/>
    <property name="basedir" value="/Users/zjl/Documents/Codes/javaweb/Maven/web-project01/maven-project01"/>
    <property name="java.vm.compressedOopsMode" value="Zero based"/>
    <property name="line.separator" value="&#10;"/>
    <property name="java.vm.specification.vendor" value="Oracle Corporation"/>
    <property name="java.specification.name" value="Java Platform API Specification"/>
    <property name="surefire.real.class.path" value="/Users/zjl/Documents/Codes/javaweb/Maven/web-project01/maven-project01/target/surefire/surefirebooter-20241108222506011_3.jar"/>
    <property name="user.script" value="Hans"/>
    <property name="sun.management.compiler" value="HotSpot 64-Bit Tiered Compilers"/>
    <property name="ftp.nonProxyHosts" value="skip-proxy = 127.0.0.1|*.skip-proxy = 127.0.0.1|192.168.0.0/16|*.192.168.0.0/16|10.0.0.0/8|*.10.0.0.0/8|172.16.0.0/12|*.172.16.0.0/12|100.64.0.0/10|*.100.64.0.0/10|localhost|*.localhost|local|*.local|iosapps.itunes.apple.com|*.iosapps.itunes.apple.com|seed-sequoia.siri.apple.com|*.seed-sequoia.siri.apple.com|sequoia.apple.com|*.sequoia.apple.com"/>
    <property name="java.runtime.version" value="17.0.13+0"/>
    <property name="user.name" value="zjl"/>
    <property name="path.separator" value=":"/>
    <property name="os.version" value="15.0.1"/>
    <property name="java.runtime.name" value="OpenJDK Runtime Environment"/>
    <property name="file.encoding" value="UTF-8"/>
    <property name="java.vm.name" value="OpenJDK 64-Bit Server VM"/>
    <property name="java.vendor.version" value="Homebrew"/>
    <property name="localRepository" value="/Users/zjl/.m2/repository"/>
    <property name="java.vendor.url.bug" value="https://github.com/Homebrew/homebrew-core/issues"/>
    <property name="java.io.tmpdir" value="/var/folders/z0/0gfpqqdn4fx__nv_fg48pg0m0000gn/T/"/>
    <property name="idea.version" value="2024.2.4"/>
    <property name="java.version" value="17.0.13"/>
    <property name="user.dir" value="/Users/zjl/Documents/Codes/javaweb/Maven/web-project01/maven-project01"/>
    <property name="os.arch" value="aarch64"/>
    <property name="socksProxyPort" value="6153"/>
    <property name="java.vm.specification.name" value="Java Virtual Machine Specification"/>
    <property name="native.encoding" value="UTF-8"/>
    <property name="java.library.path" value="/Users/zjl/Library/Java/Extensions:/Library/Java/Extensions:/Network/Library/Java/Extensions:/System/Library/Java/Extensions:/usr/lib/java:."/>
    <property name="java.vm.info" value="mixed mode, sharing"/>
    <property name="java.vendor" value="Homebrew"/>
    <property name="java.vm.version" value="17.0.13+0"/>
    <property name="java.specification.maintenance.version" value="1"/>
    <property name="sun.io.unicode.encoding" value="UnicodeBig"/>
    <property name="socksNonProxyHosts" value="skip-proxy = 127.0.0.1|*.skip-proxy = 127.0.0.1|192.168.0.0/16|*.192.168.0.0/16|10.0.0.0/8|*.10.0.0.0/8|172.16.0.0/12|*.172.16.0.0/12|100.64.0.0/10|*.100.64.0.0/10|localhost|*.localhost|local|*.local|iosapps.itunes.apple.com|*.iosapps.itunes.apple.com|seed-sequoia.siri.apple.com|*.seed-sequoia.siri.apple.com|sequoia.apple.com|*.sequoia.apple.com"/>
    <property name="java.class.version" value="61.0"/>
    <property name="http.proxyPort" value="6152"/>
  </properties>
  <testcase name="testGetGender3(String)[1]" classname="UserServiceTest" time="0.018">
    <system-out><![CDATA[男
]]></system-out>
  </testcase>
  <testcase name="testGetGender3(String)[2]" classname="UserServiceTest" time="0.001">
    <system-out><![CDATA[男
]]></system-out>
  </testcase>
  <testcase name="testGetGender3(String)[3]" classname="UserServiceTest" time="0.0">
    <system-out><![CDATA[女
]]></system-out>
  </testcase>
  <testcase name="testGetGender" classname="UserServiceTest" time="0.001">
    <system-out><![CDATA[男
]]></system-out>
  </testcase>
  <testcase name="testGetAge" classname="UserServiceTest" time="0.006">
    <system-out><![CDATA[19
]]></system-out>
  </testcase>
</testsuite>