<?xml version="1.0" encoding="UTF-8"?>
<testsuite xmlns:xsi="http://www.w3.org/2001/XMLSchema-instance" xsi:noNamespaceSchemaLocation="https://maven.apache.org/surefire/maven-surefire-plugin/xsd/surefire-test-report-3.0.xsd" version="3.0" name="com.rapporbit.springbootwebquickstart.SpringbootWebQuickstartApplicationTests" time="1.307" tests="1" errors="0" skipped="0" failures="0">
  <properties>
    <property name="java.specification.version" value="17"/>
    <property name="sun.cpu.isalist" value="amd64"/>
    <property name="sun.jnu.encoding" value="GBK"/>
    <property name="java.class.path" value="D:\Documents\Codes\demo-repo\Maven\web-project01\springboot-web-quickstart\target\test-classes;D:\Documents\Codes\demo-repo\Maven\web-project01\springboot-web-quickstart\target\classes;D:\Maven\mvn_repo\org\springframework\boot\spring-boot-starter-web\3.3.5\spring-boot-starter-web-3.3.5.jar;D:\Maven\mvn_repo\org\springframework\boot\spring-boot-starter\3.3.5\spring-boot-starter-3.3.5.jar;D:\Maven\mvn_repo\org\springframework\boot\spring-boot\3.3.5\spring-boot-3.3.5.jar;D:\Maven\mvn_repo\org\springframework\boot\spring-boot-autoconfigure\3.3.5\spring-boot-autoconfigure-3.3.5.jar;D:\Maven\mvn_repo\org\springframework\boot\spring-boot-starter-logging\3.3.5\spring-boot-starter-logging-3.3.5.jar;D:\Maven\mvn_repo\ch\qos\logback\logback-classic\1.5.11\logback-classic-1.5.11.jar;D:\Maven\mvn_repo\ch\qos\logback\logback-core\1.5.11\logback-core-1.5.11.jar;D:\Maven\mvn_repo\org\apache\logging\log4j\log4j-to-slf4j\2.23.1\log4j-to-slf4j-2.23.1.jar;D:\Maven\mvn_repo\org\apache\logging\log4j\log4j-api\2.23.1\log4j-api-2.23.1.jar;D:\Maven\mvn_repo\org\slf4j\jul-to-slf4j\2.0.16\jul-to-slf4j-2.0.16.jar;D:\Maven\mvn_repo\jakarta\annotation\jakarta.annotation-api\2.1.1\jakarta.annotation-api-2.1.1.jar;D:\Maven\mvn_repo\org\yaml\snakeyaml\2.2\snakeyaml-2.2.jar;D:\Maven\mvn_repo\org\springframework\boot\spring-boot-starter-json\3.3.5\spring-boot-starter-json-3.3.5.jar;D:\Maven\mvn_repo\com\fasterxml\jackson\core\jackson-databind\2.17.2\jackson-databind-2.17.2.jar;D:\Maven\mvn_repo\com\fasterxml\jackson\core\jackson-annotations\2.17.2\jackson-annotations-2.17.2.jar;D:\Maven\mvn_repo\com\fasterxml\jackson\core\jackson-core\2.17.2\jackson-core-2.17.2.jar;D:\Maven\mvn_repo\com\fasterxml\jackson\datatype\jackson-datatype-jdk8\2.17.2\jackson-datatype-jdk8-2.17.2.jar;D:\Maven\mvn_repo\com\fasterxml\jackson\datatype\jackson-datatype-jsr310\2.17.2\jackson-datatype-jsr310-2.17.2.jar;D:\Maven\mvn_repo\com\fasterxml\jackson\module\jackson-module-parameter-names\2.17.2\jackson-module-parameter-names-2.17.2.jar;D:\Maven\mvn_repo\org\springframework\boot\spring-boot-starter-tomcat\3.3.5\spring-boot-starter-tomcat-3.3.5.jar;D:\Maven\mvn_repo\org\apache\tomcat\embed\tomcat-embed-core\10.1.31\tomcat-embed-core-10.1.31.jar;D:\Maven\mvn_repo\org\apache\tomcat\embed\tomcat-embed-el\10.1.31\tomcat-embed-el-10.1.31.jar;D:\Maven\mvn_repo\org\apache\tomcat\embed\tomcat-embed-websocket\10.1.31\tomcat-embed-websocket-10.1.31.jar;D:\Maven\mvn_repo\org\springframework\spring-web\6.1.14\spring-web-6.1.14.jar;D:\Maven\mvn_repo\org\springframework\spring-beans\6.1.14\spring-beans-6.1.14.jar;D:\Maven\mvn_repo\io\micrometer\micrometer-observation\1.13.6\micrometer-observation-1.13.6.jar;D:\Maven\mvn_repo\io\micrometer\micrometer-commons\1.13.6\micrometer-commons-1.13.6.jar;D:\Maven\mvn_repo\org\springframework\spring-webmvc\6.1.14\spring-webmvc-6.1.14.jar;D:\Maven\mvn_repo\org\springframework\spring-aop\6.1.14\spring-aop-6.1.14.jar;D:\Maven\mvn_repo\org\springframework\spring-context\6.1.14\spring-context-6.1.14.jar;D:\Maven\mvn_repo\org\springframework\spring-expression\6.1.14\spring-expression-6.1.14.jar;D:\Maven\mvn_repo\org\springframework\boot\spring-boot-starter-test\3.3.5\spring-boot-starter-test-3.3.5.jar;D:\Maven\mvn_repo\org\springframework\boot\spring-boot-test\3.3.5\spring-boot-test-3.3.5.jar;D:\Maven\mvn_repo\org\springframework\boot\spring-boot-test-autoconfigure\3.3.5\spring-boot-test-autoconfigure-3.3.5.jar;D:\Maven\mvn_repo\com\jayway\jsonpath\json-path\2.9.0\json-path-2.9.0.jar;D:\Maven\mvn_repo\org\slf4j\slf4j-api\2.0.16\slf4j-api-2.0.16.jar;D:\Maven\mvn_repo\jakarta\xml\bind\jakarta.xml.bind-api\4.0.2\jakarta.xml.bind-api-4.0.2.jar;D:\Maven\mvn_repo\jakarta\activation\jakarta.activation-api\2.1.3\jakarta.activation-api-2.1.3.jar;D:\Maven\mvn_repo\net\minidev\json-smart\2.5.1\json-smart-2.5.1.jar;D:\Maven\mvn_repo\net\minidev\accessors-smart\2.5.1\accessors-smart-2.5.1.jar;D:\Maven\mvn_repo\org\ow2\asm\asm\9.6\asm-9.6.jar;D:\Maven\mvn_repo\org\assertj\assertj-core\3.25.3\assertj-core-3.25.3.jar;D:\Maven\mvn_repo\net\bytebuddy\byte-buddy\1.14.19\byte-buddy-1.14.19.jar;D:\Maven\mvn_repo\org\awaitility\awaitility\4.2.2\awaitility-4.2.2.jar;D:\Maven\mvn_repo\org\hamcrest\hamcrest\2.2\hamcrest-2.2.jar;D:\Maven\mvn_repo\org\junit\jupiter\junit-jupiter\5.10.5\junit-jupiter-5.10.5.jar;D:\Maven\mvn_repo\org\junit\jupiter\junit-jupiter-api\5.10.5\junit-jupiter-api-5.10.5.jar;D:\Maven\mvn_repo\org\opentest4j\opentest4j\1.3.0\opentest4j-1.3.0.jar;D:\Maven\mvn_repo\org\junit\platform\junit-platform-commons\1.10.5\junit-platform-commons-1.10.5.jar;D:\Maven\mvn_repo\org\apiguardian\apiguardian-api\1.1.2\apiguardian-api-1.1.2.jar;D:\Maven\mvn_repo\org\junit\jupiter\junit-jupiter-params\5.10.5\junit-jupiter-params-5.10.5.jar;D:\Maven\mvn_repo\org\junit\jupiter\junit-jupiter-engine\5.10.5\junit-jupiter-engine-5.10.5.jar;D:\Maven\mvn_repo\org\junit\platform\junit-platform-engine\1.10.5\junit-platform-engine-1.10.5.jar;D:\Maven\mvn_repo\org\mockito\mockito-core\5.11.0\mockito-core-5.11.0.jar;D:\Maven\mvn_repo\net\bytebuddy\byte-buddy-agent\1.14.19\byte-buddy-agent-1.14.19.jar;D:\Maven\mvn_repo\org\objenesis\objenesis\3.3\objenesis-3.3.jar;D:\Maven\mvn_repo\org\mockito\mockito-junit-jupiter\5.11.0\mockito-junit-jupiter-5.11.0.jar;D:\Maven\mvn_repo\org\skyscreamer\jsonassert\1.5.3\jsonassert-1.5.3.jar;D:\Maven\mvn_repo\com\vaadin\external\google\android-json\0.0.20131108.vaadin1\android-json-0.0.20131108.vaadin1.jar;D:\Maven\mvn_repo\org\springframework\spring-core\6.1.14\spring-core-6.1.14.jar;D:\Maven\mvn_repo\org\springframework\spring-jcl\6.1.14\spring-jcl-6.1.14.jar;D:\Maven\mvn_repo\org\springframework\spring-test\6.1.14\spring-test-6.1.14.jar;D:\Maven\mvn_repo\org\xmlunit\xmlunit-core\2.9.1\xmlunit-core-2.9.1.jar;"/>
    <property name="java.vm.vendor" value="Azul Systems, Inc."/>
    <property name="sun.arch.data.model" value="64"/>
    <property name="user.variant" value=""/>
    <property name="java.vendor.url" value="http://www.azul.com/"/>
    <property name="user.timezone" value="Asia/Shanghai"/>
    <property name="os.name" value="Windows 11"/>
    <property name="java.vm.specification.version" value="17"/>
    <property name="sun.java.launcher" value="SUN_STANDARD"/>
    <property name="user.country" value="CN"/>
    <property name="sun.boot.library.path" value="D:\JDK\jdk17\bin"/>
    <property name="sun.java.command" value="C:\Users\ZhangJialong\AppData\Local\Temp\surefire15756555750281421002\surefirebooter-20241109004037085_3.jar C:\Users\ZhangJialong\AppData\Local\Temp\surefire15756555750281421002 2024-11-09T00-40-32_490-jvmRun1 surefire-20241109004037085_1tmp surefire_0-20241109004037085_2tmp"/>
    <property name="jdk.debug" value="release"/>
    <property name="surefire.test.class.path" value="D:\Documents\Codes\demo-repo\Maven\web-project01\springboot-web-quickstart\target\test-classes;D:\Documents\Codes\demo-repo\Maven\web-project01\springboot-web-quickstart\target\classes;D:\Maven\mvn_repo\org\springframework\boot\spring-boot-starter-web\3.3.5\spring-boot-starter-web-3.3.5.jar;D:\Maven\mvn_repo\org\springframework\boot\spring-boot-starter\3.3.5\spring-boot-starter-3.3.5.jar;D:\Maven\mvn_repo\org\springframework\boot\spring-boot\3.3.5\spring-boot-3.3.5.jar;D:\Maven\mvn_repo\org\springframework\boot\spring-boot-autoconfigure\3.3.5\spring-boot-autoconfigure-3.3.5.jar;D:\Maven\mvn_repo\org\springframework\boot\spring-boot-starter-logging\3.3.5\spring-boot-starter-logging-3.3.5.jar;D:\Maven\mvn_repo\ch\qos\logback\logback-classic\1.5.11\logback-classic-1.5.11.jar;D:\Maven\mvn_repo\ch\qos\logback\logback-core\1.5.11\logback-core-1.5.11.jar;D:\Maven\mvn_repo\org\apache\logging\log4j\log4j-to-slf4j\2.23.1\log4j-to-slf4j-2.23.1.jar;D:\Maven\mvn_repo\org\apache\logging\log4j\log4j-api\2.23.1\log4j-api-2.23.1.jar;D:\Maven\mvn_repo\org\slf4j\jul-to-slf4j\2.0.16\jul-to-slf4j-2.0.16.jar;D:\Maven\mvn_repo\jakarta\annotation\jakarta.annotation-api\2.1.1\jakarta.annotation-api-2.1.1.jar;D:\Maven\mvn_repo\org\yaml\snakeyaml\2.2\snakeyaml-2.2.jar;D:\Maven\mvn_repo\org\springframework\boot\spring-boot-starter-json\3.3.5\spring-boot-starter-json-3.3.5.jar;D:\Maven\mvn_repo\com\fasterxml\jackson\core\jackson-databind\2.17.2\jackson-databind-2.17.2.jar;D:\Maven\mvn_repo\com\fasterxml\jackson\core\jackson-annotations\2.17.2\jackson-annotations-2.17.2.jar;D:\Maven\mvn_repo\com\fasterxml\jackson\core\jackson-core\2.17.2\jackson-core-2.17.2.jar;D:\Maven\mvn_repo\com\fasterxml\jackson\datatype\jackson-datatype-jdk8\2.17.2\jackson-datatype-jdk8-2.17.2.jar;D:\Maven\mvn_repo\com\fasterxml\jackson\datatype\jackson-datatype-jsr310\2.17.2\jackson-datatype-jsr310-2.17.2.jar;D:\Maven\mvn_repo\com\fasterxml\jackson\module\jackson-module-parameter-names\2.17.2\jackson-module-parameter-names-2.17.2.jar;D:\Maven\mvn_repo\org\springframework\boot\spring-boot-starter-tomcat\3.3.5\spring-boot-starter-tomcat-3.3.5.jar;D:\Maven\mvn_repo\org\apache\tomcat\embed\tomcat-embed-core\10.1.31\tomcat-embed-core-10.1.31.jar;D:\Maven\mvn_repo\org\apache\tomcat\embed\tomcat-embed-el\10.1.31\tomcat-embed-el-10.1.31.jar;D:\Maven\mvn_repo\org\apache\tomcat\embed\tomcat-embed-websocket\10.1.31\tomcat-embed-websocket-10.1.31.jar;D:\Maven\mvn_repo\org\springframework\spring-web\6.1.14\spring-web-6.1.14.jar;D:\Maven\mvn_repo\org\springframework\spring-beans\6.1.14\spring-beans-6.1.14.jar;D:\Maven\mvn_repo\io\micrometer\micrometer-observation\1.13.6\micrometer-observation-1.13.6.jar;D:\Maven\mvn_repo\io\micrometer\micrometer-commons\1.13.6\micrometer-commons-1.13.6.jar;D:\Maven\mvn_repo\org\springframework\spring-webmvc\6.1.14\spring-webmvc-6.1.14.jar;D:\Maven\mvn_repo\org\springframework\spring-aop\6.1.14\spring-aop-6.1.14.jar;D:\Maven\mvn_repo\org\springframework\spring-context\6.1.14\spring-context-6.1.14.jar;D:\Maven\mvn_repo\org\springframework\spring-expression\6.1.14\spring-expression-6.1.14.jar;D:\Maven\mvn_repo\org\springframework\boot\spring-boot-starter-test\3.3.5\spring-boot-starter-test-3.3.5.jar;D:\Maven\mvn_repo\org\springframework\boot\spring-boot-test\3.3.5\spring-boot-test-3.3.5.jar;D:\Maven\mvn_repo\org\springframework\boot\spring-boot-test-autoconfigure\3.3.5\spring-boot-test-autoconfigure-3.3.5.jar;D:\Maven\mvn_repo\com\jayway\jsonpath\json-path\2.9.0\json-path-2.9.0.jar;D:\Maven\mvn_repo\org\slf4j\slf4j-api\2.0.16\slf4j-api-2.0.16.jar;D:\Maven\mvn_repo\jakarta\xml\bind\jakarta.xml.bind-api\4.0.2\jakarta.xml.bind-api-4.0.2.jar;D:\Maven\mvn_repo\jakarta\activation\jakarta.activation-api\2.1.3\jakarta.activation-api-2.1.3.jar;D:\Maven\mvn_repo\net\minidev\json-smart\2.5.1\json-smart-2.5.1.jar;D:\Maven\mvn_repo\net\minidev\accessors-smart\2.5.1\accessors-smart-2.5.1.jar;D:\Maven\mvn_repo\org\ow2\asm\asm\9.6\asm-9.6.jar;D:\Maven\mvn_repo\org\assertj\assertj-core\3.25.3\assertj-core-3.25.3.jar;D:\Maven\mvn_repo\net\bytebuddy\byte-buddy\1.14.19\byte-buddy-1.14.19.jar;D:\Maven\mvn_repo\org\awaitility\awaitility\4.2.2\awaitility-4.2.2.jar;D:\Maven\mvn_repo\org\hamcrest\hamcrest\2.2\hamcrest-2.2.jar;D:\Maven\mvn_repo\org\junit\jupiter\junit-jupiter\5.10.5\junit-jupiter-5.10.5.jar;D:\Maven\mvn_repo\org\junit\jupiter\junit-jupiter-api\5.10.5\junit-jupiter-api-5.10.5.jar;D:\Maven\mvn_repo\org\opentest4j\opentest4j\1.3.0\opentest4j-1.3.0.jar;D:\Maven\mvn_repo\org\junit\platform\junit-platform-commons\1.10.5\junit-platform-commons-1.10.5.jar;D:\Maven\mvn_repo\org\apiguardian\apiguardian-api\1.1.2\apiguardian-api-1.1.2.jar;D:\Maven\mvn_repo\org\junit\jupiter\junit-jupiter-params\5.10.5\junit-jupiter-params-5.10.5.jar;D:\Maven\mvn_repo\org\junit\jupiter\junit-jupiter-engine\5.10.5\junit-jupiter-engine-5.10.5.jar;D:\Maven\mvn_repo\org\junit\platform\junit-platform-engine\1.10.5\junit-platform-engine-1.10.5.jar;D:\Maven\mvn_repo\org\mockito\mockito-core\5.11.0\mockito-core-5.11.0.jar;D:\Maven\mvn_repo\net\bytebuddy\byte-buddy-agent\1.14.19\byte-buddy-agent-1.14.19.jar;D:\Maven\mvn_repo\org\objenesis\objenesis\3.3\objenesis-3.3.jar;D:\Maven\mvn_repo\org\mockito\mockito-junit-jupiter\5.11.0\mockito-junit-jupiter-5.11.0.jar;D:\Maven\mvn_repo\org\skyscreamer\jsonassert\1.5.3\jsonassert-1.5.3.jar;D:\Maven\mvn_repo\com\vaadin\external\google\android-json\0.0.20131108.vaadin1\android-json-0.0.20131108.vaadin1.jar;D:\Maven\mvn_repo\org\springframework\spring-core\6.1.14\spring-core-6.1.14.jar;D:\Maven\mvn_repo\org\springframework\spring-jcl\6.1.14\spring-jcl-6.1.14.jar;D:\Maven\mvn_repo\org\springframework\spring-test\6.1.14\spring-test-6.1.14.jar;D:\Maven\mvn_repo\org\xmlunit\xmlunit-core\2.9.1\xmlunit-core-2.9.1.jar;"/>
    <property name="sun.cpu.endian" value="little"/>
    <property name="user.home" value="C:\Users\ZhangJialong"/>
    <property name="user.language" value="zh"/>
    <property name="java.specification.vendor" value="Oracle Corporation"/>
    <property name="java.version.date" value="2024-10-15"/>
    <property name="java.home" value="D:\JDK\jdk17"/>
    <property name="file.separator" value="\"/>
    <property name="basedir" value="D:\Documents\Codes\demo-repo\Maven\web-project01\springboot-web-quickstart"/>
    <property name="java.vm.compressedOopsMode" value="Zero based"/>
    <property name="line.separator" value="&#10;"/>
    <property name="java.vm.specification.vendor" value="Oracle Corporation"/>
    <property name="java.specification.name" value="Java Platform API Specification"/>
    <property name="FILE_LOG_CHARSET" value="GBK"/>
    <property name="java.awt.headless" value="true"/>
    <property name="surefire.real.class.path" value="C:\Users\ZhangJialong\AppData\Local\Temp\surefire15756555750281421002\surefirebooter-20241109004037085_3.jar"/>
    <property name="user.script" value=""/>
    <property name="sun.management.compiler" value="HotSpot 64-Bit Tiered Compilers"/>
    <property name="java.runtime.version" value="17.0.13+11-LTS"/>
    <property name="user.name" value="ZhangJialong"/>
    <property name="path.separator" value=";"/>
    <property name="os.version" value="10.0"/>
    <property name="java.runtime.name" value="OpenJDK Runtime Environment"/>
    <property name="file.encoding" value="GBK"/>
    <property name="java.vm.name" value="OpenJDK 64-Bit Server VM"/>
    <property name="java.vendor.version" value="Zulu17.54+21-CA"/>
    <property name="localRepository" value="D:\Maven\mvn_repo"/>
    <property name="java.vendor.url.bug" value="http://www.azul.com/support/"/>
    <property name="java.io.tmpdir" value="C:\Users\ZHANGJ~1\AppData\Local\Temp\"/>
    <property name="java.version" value="17.0.13"/>
    <property name="user.dir" value="D:\Documents\Codes\demo-repo\Maven\web-project01\springboot-web-quickstart"/>
    <property name="os.arch" value="amd64"/>
    <property name="java.vm.specification.name" value="Java Virtual Machine Specification"/>
    <property name="PID" value="18976"/>
    <property name="sun.os.patch.level" value=""/>
    <property name="CONSOLE_LOG_CHARSET" value="GBK"/>
    <property name="native.encoding" value="GBK"/>
    <property name="java.library.path" value="D:\JDK\jdk17\bin;C:\Windows\Sun\Java\bin;C:\Windows\system32;C:\Windows;D:\JDK\jdk17\bin\;D:\JDK\jdk17\jrebin\;D:\NVIDIA CUDA Toolkit\bin;D:\NVIDIA CUDA Toolkit\libnvvp;C:\Windows\system32;C:\Windows;C:\Windows\System32\Wbem;C:\Windows\System32\WindowsPowerShell\v1.0\;C:\Windows\System32\OpenSSH\;C:\Program Files\dotnet\;C:\Program Files (x86)\NVIDIA Corporation\PhysX\Common;D:\Anaconda3;D:\Anaconda3\Scripts;D:\Anaconda3\Library\bin;D:\Anaconda3\Library\mingw-w64\bin;D:\Anaconda3\Library\usr\bin;D:\NVIDIA CUDA Toolkit\;C:\Program Files\NVIDIA Corporation\NVIDIA NvDLISR;C:\Program Files\Git\cmd;D:\Maven\bin;C:\Users\ZhangJialong\AppData\Local\Microsoft\WindowsApps;D:\Bandizip\;D:\Microsoft VS Code\bin;D:\PyCharm 2024.2.3\bin;;."/>
    <property name="java.vm.info" value="mixed mode, sharing"/>
    <property name="java.vendor" value="Azul Systems, Inc."/>
    <property name="java.vm.version" value="17.0.13+11-LTS"/>
    <property name="java.specification.maintenance.version" value="1"/>
    <property name="sun.io.unicode.encoding" value="UnicodeLittle"/>
    <property name="java.class.version" value="61.0"/>
    <property name="LOGGED_APPLICATION_NAME" value="[springboot-web-quickstart] "/>
  </properties>
  <testcase name="contextLoads" classname="com.rapporbit.springbootwebquickstart.SpringbootWebQuickstartApplicationTests" time="0.476">
    <system-out><![CDATA[00:40:37.632 [main] INFO org.springframework.test.context.support.AnnotationConfigContextLoaderUtils -- Could not detect default configuration classes for test class [com.rapporbit.springbootwebquickstart.SpringbootWebQuickstartApplicationTests]: SpringbootWebQuickstartApplicationTests does not declare any static, non-private, non-final, nested classes annotated with @Configuration.
00:40:37.685 [main] INFO org.springframework.boot.test.context.SpringBootTestContextBootstrapper -- Found @SpringBootConfiguration com.rapporbit.springbootwebquickstart.SpringbootWebQuickstartApplication for test class com.rapporbit.springbootwebquickstart.SpringbootWebQuickstartApplicationTests

  .   ____          _            __ _ _
 /\\ / ___'_ __ _ _(_)_ __  __ _ \ \ \ \
( ( )\___ | '_ | '_| | '_ \/ _` | \ \ \ \
 \\/  ___)| |_)| | | | | || (_| |  ) ) ) )
  '  |____| .__|_| |_|_| |_\__, | / / / /
 =========|_|==============|___/=/_/_/_/

 :: Spring Boot ::                (v3.3.5)

2024-11-09T00:40:37.860+08:00  INFO 18976 --- [springboot-web-quickstart] [           main] .SpringbootWebQuickstartApplicationTests : Starting SpringbootWebQuickstartApplicationTests using Java 17.0.13 with PID 18976 (started by ZhangJialong in D:\Documents\Codes\demo-repo\Maven\web-project01\springboot-web-quickstart)
2024-11-09T00:40:37.861+08:00  INFO 18976 --- [springboot-web-quickstart] [           main] .SpringbootWebQuickstartApplicationTests : No active profile set, falling back to 1 default profile: "default"
2024-11-09T00:40:38.370+08:00  INFO 18976 --- [springboot-web-quickstart] [           main] .SpringbootWebQuickstartApplicationTests : Started SpringbootWebQuickstartApplicationTests in 0.618 seconds (process running for 1.211)
]]></system-out>
  </testcase>
</testsuite>