<?xml version="1.0" encoding="UTF-8"?>
<testsuite xmlns:xsi="http://www.w3.org/2001/XMLSchema-instance" xsi:noNamespaceSchemaLocation="https://maven.apache.org/surefire/maven-surefire-plugin/xsd/surefire-test-report-3.0.xsd" version="3.0" name="com.rapporbit.JwtTest" time="0.03" tests="1" errors="0" skipped="0" failures="0">
  <properties>
    <property name="socksProxyHost" value="127.0.0.1"/>
    <property name="http.proxyHost" value="127.0.0.1"/>
    <property name="java.specification.version" value="17"/>
    <property name="sun.jnu.encoding" value="UTF-8"/>
    <property name="java.class.path" value="/Users/zjl/Documents/Codes/javaweb/Maven/web-project02/tlias-web-management/target/test-classes:/Users/zjl/Documents/Codes/javaweb/Maven/web-project02/tlias-web-management/target/classes:/opt/homebrew/Cellar/maven/3.9.9/libexec/mvn_repo/org/springframework/boot/spring-boot-starter-web/3.2.8/spring-boot-starter-web-3.2.8.jar:/opt/homebrew/Cellar/maven/3.9.9/libexec/mvn_repo/org/springframework/boot/spring-boot-starter-json/3.2.8/spring-boot-starter-json-3.2.8.jar:/opt/homebrew/Cellar/maven/3.9.9/libexec/mvn_repo/com/fasterxml/jackson/core/jackson-databind/2.15.4/jackson-databind-2.15.4.jar:/opt/homebrew/Cellar/maven/3.9.9/libexec/mvn_repo/com/fasterxml/jackson/core/jackson-annotations/2.15.4/jackson-annotations-2.15.4.jar:/opt/homebrew/Cellar/maven/3.9.9/libexec/mvn_repo/com/fasterxml/jackson/core/jackson-core/2.15.4/jackson-core-2.15.4.jar:/opt/homebrew/Cellar/maven/3.9.9/libexec/mvn_repo/com/fasterxml/jackson/datatype/jackson-datatype-jdk8/2.15.4/jackson-datatype-jdk8-2.15.4.jar:/opt/homebrew/Cellar/maven/3.9.9/libexec/mvn_repo/com/fasterxml/jackson/datatype/jackson-datatype-jsr310/2.15.4/jackson-datatype-jsr310-2.15.4.jar:/opt/homebrew/Cellar/maven/3.9.9/libexec/mvn_repo/com/fasterxml/jackson/module/jackson-module-parameter-names/2.15.4/jackson-module-parameter-names-2.15.4.jar:/opt/homebrew/Cellar/maven/3.9.9/libexec/mvn_repo/org/springframework/boot/spring-boot-starter-tomcat/3.2.8/spring-boot-starter-tomcat-3.2.8.jar:/opt/homebrew/Cellar/maven/3.9.9/libexec/mvn_repo/org/apache/tomcat/embed/tomcat-embed-core/10.1.26/tomcat-embed-core-10.1.26.jar:/opt/homebrew/Cellar/maven/3.9.9/libexec/mvn_repo/org/apache/tomcat/embed/tomcat-embed-el/10.1.26/tomcat-embed-el-10.1.26.jar:/opt/homebrew/Cellar/maven/3.9.9/libexec/mvn_repo/org/apache/tomcat/embed/tomcat-embed-websocket/10.1.26/tomcat-embed-websocket-10.1.26.jar:/opt/homebrew/Cellar/maven/3.9.9/libexec/mvn_repo/org/springframework/spring-web/6.1.11/spring-web-6.1.11.jar:/opt/homebrew/Cellar/maven/3.9.9/libexec/mvn_repo/org/springframework/spring-beans/6.1.11/spring-beans-6.1.11.jar:/opt/homebrew/Cellar/maven/3.9.9/libexec/mvn_repo/io/micrometer/micrometer-observation/1.12.8/micrometer-observation-1.12.8.jar:/opt/homebrew/Cellar/maven/3.9.9/libexec/mvn_repo/io/micrometer/micrometer-commons/1.12.8/micrometer-commons-1.12.8.jar:/opt/homebrew/Cellar/maven/3.9.9/libexec/mvn_repo/org/springframework/spring-webmvc/6.1.11/spring-webmvc-6.1.11.jar:/opt/homebrew/Cellar/maven/3.9.9/libexec/mvn_repo/org/springframework/spring-context/6.1.11/spring-context-6.1.11.jar:/opt/homebrew/Cellar/maven/3.9.9/libexec/mvn_repo/org/springframework/spring-expression/6.1.11/spring-expression-6.1.11.jar:/opt/homebrew/Cellar/maven/3.9.9/libexec/mvn_repo/org/mybatis/spring/boot/mybatis-spring-boot-starter/3.0.3/mybatis-spring-boot-starter-3.0.3.jar:/opt/homebrew/Cellar/maven/3.9.9/libexec/mvn_repo/org/springframework/boot/spring-boot-starter-jdbc/3.2.8/spring-boot-starter-jdbc-3.2.8.jar:/opt/homebrew/Cellar/maven/3.9.9/libexec/mvn_repo/com/zaxxer/HikariCP/5.0.1/HikariCP-5.0.1.jar:/opt/homebrew/Cellar/maven/3.9.9/libexec/mvn_repo/org/springframework/spring-jdbc/6.1.11/spring-jdbc-6.1.11.jar:/opt/homebrew/Cellar/maven/3.9.9/libexec/mvn_repo/org/mybatis/spring/boot/mybatis-spring-boot-autoconfigure/3.0.3/mybatis-spring-boot-autoconfigure-3.0.3.jar:/opt/homebrew/Cellar/maven/3.9.9/libexec/mvn_repo/org/mybatis/mybatis/3.5.14/mybatis-3.5.14.jar:/opt/homebrew/Cellar/maven/3.9.9/libexec/mvn_repo/org/mybatis/mybatis-spring/3.0.3/mybatis-spring-3.0.3.jar:/opt/homebrew/Cellar/maven/3.9.9/libexec/mvn_repo/com/mysql/mysql-connector-j/8.3.0/mysql-connector-j-8.3.0.jar:/opt/homebrew/Cellar/maven/3.9.9/libexec/mvn_repo/org/springframework/boot/spring-boot-starter-test/3.2.8/spring-boot-starter-test-3.2.8.jar:/opt/homebrew/Cellar/maven/3.9.9/libexec/mvn_repo/org/springframework/boot/spring-boot-test/3.2.8/spring-boot-test-3.2.8.jar:/opt/homebrew/Cellar/maven/3.9.9/libexec/mvn_repo/org/springframework/boot/spring-boot-test-autoconfigure/3.2.8/spring-boot-test-autoconfigure-3.2.8.jar:/opt/homebrew/Cellar/maven/3.9.9/libexec/mvn_repo/com/jayway/jsonpath/json-path/2.9.0/json-path-2.9.0.jar:/opt/homebrew/Cellar/maven/3.9.9/libexec/mvn_repo/org/slf4j/slf4j-api/2.0.13/slf4j-api-2.0.13.jar:/opt/homebrew/Cellar/maven/3.9.9/libexec/mvn_repo/jakarta/xml/bind/jakarta.xml.bind-api/4.0.2/jakarta.xml.bind-api-4.0.2.jar:/opt/homebrew/Cellar/maven/3.9.9/libexec/mvn_repo/jakarta/activation/jakarta.activation-api/2.1.3/jakarta.activation-api-2.1.3.jar:/opt/homebrew/Cellar/maven/3.9.9/libexec/mvn_repo/net/minidev/json-smart/2.5.1/json-smart-2.5.1.jar:/opt/homebrew/Cellar/maven/3.9.9/libexec/mvn_repo/net/minidev/accessors-smart/2.5.1/accessors-smart-2.5.1.jar:/opt/homebrew/Cellar/maven/3.9.9/libexec/mvn_repo/org/ow2/asm/asm/9.6/asm-9.6.jar:/opt/homebrew/Cellar/maven/3.9.9/libexec/mvn_repo/org/assertj/assertj-core/3.24.2/assertj-core-3.24.2.jar:/opt/homebrew/Cellar/maven/3.9.9/libexec/mvn_repo/net/bytebuddy/byte-buddy/1.14.18/byte-buddy-1.14.18.jar:/opt/homebrew/Cellar/maven/3.9.9/libexec/mvn_repo/org/awaitility/awaitility/4.2.1/awaitility-4.2.1.jar:/opt/homebrew/Cellar/maven/3.9.9/libexec/mvn_repo/org/hamcrest/hamcrest/2.2/hamcrest-2.2.jar:/opt/homebrew/Cellar/maven/3.9.9/libexec/mvn_repo/org/junit/jupiter/junit-jupiter/5.10.3/junit-jupiter-5.10.3.jar:/opt/homebrew/Cellar/maven/3.9.9/libexec/mvn_repo/org/junit/jupiter/junit-jupiter-api/5.10.3/junit-jupiter-api-5.10.3.jar:/opt/homebrew/Cellar/maven/3.9.9/libexec/mvn_repo/org/opentest4j/opentest4j/1.3.0/opentest4j-1.3.0.jar:/opt/homebrew/Cellar/maven/3.9.9/libexec/mvn_repo/org/junit/platform/junit-platform-commons/1.10.3/junit-platform-commons-1.10.3.jar:/opt/homebrew/Cellar/maven/3.9.9/libexec/mvn_repo/org/apiguardian/apiguardian-api/1.1.2/apiguardian-api-1.1.2.jar:/opt/homebrew/Cellar/maven/3.9.9/libexec/mvn_repo/org/junit/jupiter/junit-jupiter-params/5.10.3/junit-jupiter-params-5.10.3.jar:/opt/homebrew/Cellar/maven/3.9.9/libexec/mvn_repo/org/junit/jupiter/junit-jupiter-engine/5.10.3/junit-jupiter-engine-5.10.3.jar:/opt/homebrew/Cellar/maven/3.9.9/libexec/mvn_repo/org/junit/platform/junit-platform-engine/1.10.3/junit-platform-engine-1.10.3.jar:/opt/homebrew/Cellar/maven/3.9.9/libexec/mvn_repo/org/mockito/mockito-core/5.7.0/mockito-core-5.7.0.jar:/opt/homebrew/Cellar/maven/3.9.9/libexec/mvn_repo/net/bytebuddy/byte-buddy-agent/1.14.18/byte-buddy-agent-1.14.18.jar:/opt/homebrew/Cellar/maven/3.9.9/libexec/mvn_repo/org/objenesis/objenesis/3.3/objenesis-3.3.jar:/opt/homebrew/Cellar/maven/3.9.9/libexec/mvn_repo/org/mockito/mockito-junit-jupiter/5.7.0/mockito-junit-jupiter-5.7.0.jar:/opt/homebrew/Cellar/maven/3.9.9/libexec/mvn_repo/org/skyscreamer/jsonassert/1.5.3/jsonassert-1.5.3.jar:/opt/homebrew/Cellar/maven/3.9.9/libexec/mvn_repo/com/vaadin/external/google/android-json/0.0.20131108.vaadin1/android-json-0.0.20131108.vaadin1.jar:/opt/homebrew/Cellar/maven/3.9.9/libexec/mvn_repo/org/springframework/spring-core/6.1.11/spring-core-6.1.11.jar:/opt/homebrew/Cellar/maven/3.9.9/libexec/mvn_repo/org/springframework/spring-jcl/6.1.11/spring-jcl-6.1.11.jar:/opt/homebrew/Cellar/maven/3.9.9/libexec/mvn_repo/org/springframework/spring-test/6.1.11/spring-test-6.1.11.jar:/opt/homebrew/Cellar/maven/3.9.9/libexec/mvn_repo/org/xmlunit/xmlunit-core/2.9.1/xmlunit-core-2.9.1.jar:/opt/homebrew/Cellar/maven/3.9.9/libexec/mvn_repo/org/mybatis/spring/boot/mybatis-spring-boot-starter-test/3.0.3/mybatis-spring-boot-starter-test-3.0.3.jar:/opt/homebrew/Cellar/maven/3.9.9/libexec/mvn_repo/org/mybatis/spring/boot/mybatis-spring-boot-test-autoconfigure/3.0.3/mybatis-spring-boot-test-autoconfigure-3.0.3.jar:/opt/homebrew/Cellar/maven/3.9.9/libexec/mvn_repo/org/springframework/spring-tx/6.1.11/spring-tx-6.1.11.jar:/opt/homebrew/Cellar/maven/3.9.9/libexec/mvn_repo/com/github/pagehelper/pagehelper-spring-boot-starter/1.4.7/pagehelper-spring-boot-starter-1.4.7.jar:/opt/homebrew/Cellar/maven/3.9.9/libexec/mvn_repo/com/github/pagehelper/pagehelper-spring-boot-autoconfigure/1.4.7/pagehelper-spring-boot-autoconfigure-1.4.7.jar:/opt/homebrew/Cellar/maven/3.9.9/libexec/mvn_repo/com/github/pagehelper/pagehelper/5.3.3/pagehelper-5.3.3.jar:/opt/homebrew/Cellar/maven/3.9.9/libexec/mvn_repo/com/github/jsqlparser/jsqlparser/4.5/jsqlparser-4.5.jar:/opt/homebrew/Cellar/maven/3.9.9/libexec/mvn_repo/org/springframework/boot/spring-boot-starter-aop/3.2.8/spring-boot-starter-aop-3.2.8.jar:/opt/homebrew/Cellar/maven/3.9.9/libexec/mvn_repo/org/springframework/spring-aop/6.1.11/spring-aop-6.1.11.jar:/opt/homebrew/Cellar/maven/3.9.9/libexec/mvn_repo/org/aspectj/aspectjweaver/1.9.22.1/aspectjweaver-1.9.22.1.jar:/Users/zjl/Documents/Codes/javaweb/Maven/web-project02/tlias-pojo/target/tlias-pojo-1.0-SNAPSHOT.jar:/Users/zjl/Documents/Codes/javaweb/Maven/web-project02/tlias-utils/target/tlias-utils-1.0-SNAPSHOT.jar:/opt/homebrew/Cellar/maven/3.9.9/libexec/mvn_repo/io/jsonwebtoken/jjwt/0.9.1/jjwt-0.9.1.jar:/opt/homebrew/Cellar/maven/3.9.9/libexec/mvn_repo/com/aliyun/oss/aliyun-sdk-oss/3.17.4/aliyun-sdk-oss-3.17.4.jar:/opt/homebrew/Cellar/maven/3.9.9/libexec/mvn_repo/org/apache/httpcomponents/httpclient/4.5.13/httpclient-4.5.13.jar:/opt/homebrew/Cellar/maven/3.9.9/libexec/mvn_repo/org/apache/httpcomponents/httpcore/4.4.16/httpcore-4.4.16.jar:/opt/homebrew/Cellar/maven/3.9.9/libexec/mvn_repo/commons-logging/commons-logging/1.2/commons-logging-1.2.jar:/opt/homebrew/Cellar/maven/3.9.9/libexec/mvn_repo/commons-codec/commons-codec/1.16.1/commons-codec-1.16.1.jar:/opt/homebrew/Cellar/maven/3.9.9/libexec/mvn_repo/org/jdom/jdom2/2.0.6.1/jdom2-2.0.6.1.jar:/opt/homebrew/Cellar/maven/3.9.9/libexec/mvn_repo/org/codehaus/jettison/jettison/1.5.4/jettison-1.5.4.jar:/opt/homebrew/Cellar/maven/3.9.9/libexec/mvn_repo/com/aliyun/aliyun-java-sdk-core/4.5.10/aliyun-java-sdk-core-4.5.10.jar:/opt/homebrew/Cellar/maven/3.9.9/libexec/mvn_repo/com/google/code/gson/gson/2.10.1/gson-2.10.1.jar:/opt/homebrew/Cellar/maven/3.9.9/libexec/mvn_repo/org/jacoco/org.jacoco.agent/0.8.5/org.jacoco.agent-0.8.5-runtime.jar:/opt/homebrew/Cellar/maven/3.9.9/libexec/mvn_repo/org/ini4j/ini4j/0.5.4/ini4j-0.5.4.jar:/opt/homebrew/Cellar/maven/3.9.9/libexec/mvn_repo/io/opentracing/opentracing-api/0.33.0/opentracing-api-0.33.0.jar:/opt/homebrew/Cellar/maven/3.9.9/libexec/mvn_repo/io/opentracing/opentracing-util/0.33.0/opentracing-util-0.33.0.jar:/opt/homebrew/Cellar/maven/3.9.9/libexec/mvn_repo/io/opentracing/opentracing-noop/0.33.0/opentracing-noop-0.33.0.jar:/opt/homebrew/Cellar/maven/3.9.9/libexec/mvn_repo/com/aliyun/aliyun-java-sdk-ram/3.1.0/aliyun-java-sdk-ram-3.1.0.jar:/opt/homebrew/Cellar/maven/3.9.9/libexec/mvn_repo/com/aliyun/aliyun-java-sdk-kms/2.11.0/aliyun-java-sdk-kms-2.11.0.jar:/opt/homebrew/Cellar/maven/3.9.9/libexec/mvn_repo/javax/xml/bind/jaxb-api/2.3.1/jaxb-api-2.3.1.jar:/opt/homebrew/Cellar/maven/3.9.9/libexec/mvn_repo/javax/activation/javax.activation-api/1.2.0/javax.activation-api-1.2.0.jar:/opt/homebrew/Cellar/maven/3.9.9/libexec/mvn_repo/javax/activation/activation/1.1.1/activation-1.1.1.jar:/opt/homebrew/Cellar/maven/3.9.9/libexec/mvn_repo/org/glassfish/jaxb/jaxb-runtime/4.0.5/jaxb-runtime-4.0.5.jar:/opt/homebrew/Cellar/maven/3.9.9/libexec/mvn_repo/org/glassfish/jaxb/jaxb-core/4.0.5/jaxb-core-4.0.5.jar:/opt/homebrew/Cellar/maven/3.9.9/libexec/mvn_repo/org/eclipse/angus/angus-activation/2.0.2/angus-activation-2.0.2.jar:/opt/homebrew/Cellar/maven/3.9.9/libexec/mvn_repo/org/glassfish/jaxb/txw2/4.0.5/txw2-4.0.5.jar:/opt/homebrew/Cellar/maven/3.9.9/libexec/mvn_repo/com/sun/istack/istack-commons-runtime/4.1.2/istack-commons-runtime-4.1.2.jar:/opt/homebrew/Cellar/maven/3.9.9/libexec/mvn_repo/org/springframework/boot/spring-boot-starter/3.2.8/spring-boot-starter-3.2.8.jar:/opt/homebrew/Cellar/maven/3.9.9/libexec/mvn_repo/org/springframework/boot/spring-boot/3.2.8/spring-boot-3.2.8.jar:/opt/homebrew/Cellar/maven/3.9.9/libexec/mvn_repo/org/springframework/boot/spring-boot-autoconfigure/3.2.8/spring-boot-autoconfigure-3.2.8.jar:/opt/homebrew/Cellar/maven/3.9.9/libexec/mvn_repo/org/springframework/boot/spring-boot-starter-logging/3.2.8/spring-boot-starter-logging-3.2.8.jar:/opt/homebrew/Cellar/maven/3.9.9/libexec/mvn_repo/ch/qos/logback/logback-classic/1.4.14/logback-classic-1.4.14.jar:/opt/homebrew/Cellar/maven/3.9.9/libexec/mvn_repo/ch/qos/logback/logback-core/1.4.14/logback-core-1.4.14.jar:/opt/homebrew/Cellar/maven/3.9.9/libexec/mvn_repo/org/apache/logging/log4j/log4j-to-slf4j/2.21.1/log4j-to-slf4j-2.21.1.jar:/opt/homebrew/Cellar/maven/3.9.9/libexec/mvn_repo/org/apache/logging/log4j/log4j-api/2.21.1/log4j-api-2.21.1.jar:/opt/homebrew/Cellar/maven/3.9.9/libexec/mvn_repo/org/slf4j/jul-to-slf4j/2.0.13/jul-to-slf4j-2.0.13.jar:/opt/homebrew/Cellar/maven/3.9.9/libexec/mvn_repo/jakarta/annotation/jakarta.annotation-api/2.1.1/jakarta.annotation-api-2.1.1.jar:/opt/homebrew/Cellar/maven/3.9.9/libexec/mvn_repo/org/yaml/snakeyaml/2.2/snakeyaml-2.2.jar:/opt/homebrew/Cellar/maven/3.9.9/libexec/mvn_repo/org/projectlombok/lombok/1.18.34/lombok-1.18.34.jar:"/>
    <property name="https.proxyPort" value="6152"/>
    <property name="java.vm.vendor" value="Homebrew"/>
    <property name="sun.arch.data.model" value="64"/>
    <property name="java.vendor.url" value="https://github.com/Homebrew/homebrew-core/issues"/>
    <property name="user.timezone" value="Asia/Shanghai"/>
    <property name="os.name" value="Mac OS X"/>
    <property name="java.vm.specification.version" value="17"/>
    <property name="sun.java.launcher" value="SUN_STANDARD"/>
    <property name="user.country" value="CN"/>
    <property name="sun.boot.library.path" value="/opt/homebrew/Cellar/openjdk@17/17.0.13/libexec/openjdk.jdk/Contents/Home/lib"/>
    <property name="sun.java.command" value="/Users/zjl/Documents/Codes/javaweb/Maven/web-project02/tlias-web-management/target/surefire/surefirebooter-20241223192932879_3.jar /Users/zjl/Documents/Codes/javaweb/Maven/web-project02/tlias-web-management/target/surefire 2024-12-23T19-29-31_233-jvmRun1 surefire-20241223192932879_1tmp surefire_0-20241223192932879_2tmp"/>
    <property name="http.nonProxyHosts" value="skip-proxy = 127.0.0.1|*.skip-proxy = 127.0.0.1|192.168.0.0/16|*.192.168.0.0/16|10.0.0.0/8|*.10.0.0.0/8|172.16.0.0/12|*.172.16.0.0/12|100.64.0.0/10|*.100.64.0.0/10|localhost|*.localhost|local|*.local|iosapps.itunes.apple.com|*.iosapps.itunes.apple.com|seed-sequoia.siri.apple.com|*.seed-sequoia.siri.apple.com|sequoia.apple.com|*.sequoia.apple.com"/>
    <property name="jdk.debug" value="release"/>
    <property name="surefire.test.class.path" value="/Users/zjl/Documents/Codes/javaweb/Maven/web-project02/tlias-web-management/target/test-classes:/Users/zjl/Documents/Codes/javaweb/Maven/web-project02/tlias-web-management/target/classes:/opt/homebrew/Cellar/maven/3.9.9/libexec/mvn_repo/org/springframework/boot/spring-boot-starter-web/3.2.8/spring-boot-starter-web-3.2.8.jar:/opt/homebrew/Cellar/maven/3.9.9/libexec/mvn_repo/org/springframework/boot/spring-boot-starter-json/3.2.8/spring-boot-starter-json-3.2.8.jar:/opt/homebrew/Cellar/maven/3.9.9/libexec/mvn_repo/com/fasterxml/jackson/core/jackson-databind/2.15.4/jackson-databind-2.15.4.jar:/opt/homebrew/Cellar/maven/3.9.9/libexec/mvn_repo/com/fasterxml/jackson/core/jackson-annotations/2.15.4/jackson-annotations-2.15.4.jar:/opt/homebrew/Cellar/maven/3.9.9/libexec/mvn_repo/com/fasterxml/jackson/core/jackson-core/2.15.4/jackson-core-2.15.4.jar:/opt/homebrew/Cellar/maven/3.9.9/libexec/mvn_repo/com/fasterxml/jackson/datatype/jackson-datatype-jdk8/2.15.4/jackson-datatype-jdk8-2.15.4.jar:/opt/homebrew/Cellar/maven/3.9.9/libexec/mvn_repo/com/fasterxml/jackson/datatype/jackson-datatype-jsr310/2.15.4/jackson-datatype-jsr310-2.15.4.jar:/opt/homebrew/Cellar/maven/3.9.9/libexec/mvn_repo/com/fasterxml/jackson/module/jackson-module-parameter-names/2.15.4/jackson-module-parameter-names-2.15.4.jar:/opt/homebrew/Cellar/maven/3.9.9/libexec/mvn_repo/org/springframework/boot/spring-boot-starter-tomcat/3.2.8/spring-boot-starter-tomcat-3.2.8.jar:/opt/homebrew/Cellar/maven/3.9.9/libexec/mvn_repo/org/apache/tomcat/embed/tomcat-embed-core/10.1.26/tomcat-embed-core-10.1.26.jar:/opt/homebrew/Cellar/maven/3.9.9/libexec/mvn_repo/org/apache/tomcat/embed/tomcat-embed-el/10.1.26/tomcat-embed-el-10.1.26.jar:/opt/homebrew/Cellar/maven/3.9.9/libexec/mvn_repo/org/apache/tomcat/embed/tomcat-embed-websocket/10.1.26/tomcat-embed-websocket-10.1.26.jar:/opt/homebrew/Cellar/maven/3.9.9/libexec/mvn_repo/org/springframework/spring-web/6.1.11/spring-web-6.1.11.jar:/opt/homebrew/Cellar/maven/3.9.9/libexec/mvn_repo/org/springframework/spring-beans/6.1.11/spring-beans-6.1.11.jar:/opt/homebrew/Cellar/maven/3.9.9/libexec/mvn_repo/io/micrometer/micrometer-observation/1.12.8/micrometer-observation-1.12.8.jar:/opt/homebrew/Cellar/maven/3.9.9/libexec/mvn_repo/io/micrometer/micrometer-commons/1.12.8/micrometer-commons-1.12.8.jar:/opt/homebrew/Cellar/maven/3.9.9/libexec/mvn_repo/org/springframework/spring-webmvc/6.1.11/spring-webmvc-6.1.11.jar:/opt/homebrew/Cellar/maven/3.9.9/libexec/mvn_repo/org/springframework/spring-context/6.1.11/spring-context-6.1.11.jar:/opt/homebrew/Cellar/maven/3.9.9/libexec/mvn_repo/org/springframework/spring-expression/6.1.11/spring-expression-6.1.11.jar:/opt/homebrew/Cellar/maven/3.9.9/libexec/mvn_repo/org/mybatis/spring/boot/mybatis-spring-boot-starter/3.0.3/mybatis-spring-boot-starter-3.0.3.jar:/opt/homebrew/Cellar/maven/3.9.9/libexec/mvn_repo/org/springframework/boot/spring-boot-starter-jdbc/3.2.8/spring-boot-starter-jdbc-3.2.8.jar:/opt/homebrew/Cellar/maven/3.9.9/libexec/mvn_repo/com/zaxxer/HikariCP/5.0.1/HikariCP-5.0.1.jar:/opt/homebrew/Cellar/maven/3.9.9/libexec/mvn_repo/org/springframework/spring-jdbc/6.1.11/spring-jdbc-6.1.11.jar:/opt/homebrew/Cellar/maven/3.9.9/libexec/mvn_repo/org/mybatis/spring/boot/mybatis-spring-boot-autoconfigure/3.0.3/mybatis-spring-boot-autoconfigure-3.0.3.jar:/opt/homebrew/Cellar/maven/3.9.9/libexec/mvn_repo/org/mybatis/mybatis/3.5.14/mybatis-3.5.14.jar:/opt/homebrew/Cellar/maven/3.9.9/libexec/mvn_repo/org/mybatis/mybatis-spring/3.0.3/mybatis-spring-3.0.3.jar:/opt/homebrew/Cellar/maven/3.9.9/libexec/mvn_repo/com/mysql/mysql-connector-j/8.3.0/mysql-connector-j-8.3.0.jar:/opt/homebrew/Cellar/maven/3.9.9/libexec/mvn_repo/org/springframework/boot/spring-boot-starter-test/3.2.8/spring-boot-starter-test-3.2.8.jar:/opt/homebrew/Cellar/maven/3.9.9/libexec/mvn_repo/org/springframework/boot/spring-boot-test/3.2.8/spring-boot-test-3.2.8.jar:/opt/homebrew/Cellar/maven/3.9.9/libexec/mvn_repo/org/springframework/boot/spring-boot-test-autoconfigure/3.2.8/spring-boot-test-autoconfigure-3.2.8.jar:/opt/homebrew/Cellar/maven/3.9.9/libexec/mvn_repo/com/jayway/jsonpath/json-path/2.9.0/json-path-2.9.0.jar:/opt/homebrew/Cellar/maven/3.9.9/libexec/mvn_repo/org/slf4j/slf4j-api/2.0.13/slf4j-api-2.0.13.jar:/opt/homebrew/Cellar/maven/3.9.9/libexec/mvn_repo/jakarta/xml/bind/jakarta.xml.bind-api/4.0.2/jakarta.xml.bind-api-4.0.2.jar:/opt/homebrew/Cellar/maven/3.9.9/libexec/mvn_repo/jakarta/activation/jakarta.activation-api/2.1.3/jakarta.activation-api-2.1.3.jar:/opt/homebrew/Cellar/maven/3.9.9/libexec/mvn_repo/net/minidev/json-smart/2.5.1/json-smart-2.5.1.jar:/opt/homebrew/Cellar/maven/3.9.9/libexec/mvn_repo/net/minidev/accessors-smart/2.5.1/accessors-smart-2.5.1.jar:/opt/homebrew/Cellar/maven/3.9.9/libexec/mvn_repo/org/ow2/asm/asm/9.6/asm-9.6.jar:/opt/homebrew/Cellar/maven/3.9.9/libexec/mvn_repo/org/assertj/assertj-core/3.24.2/assertj-core-3.24.2.jar:/opt/homebrew/Cellar/maven/3.9.9/libexec/mvn_repo/net/bytebuddy/byte-buddy/1.14.18/byte-buddy-1.14.18.jar:/opt/homebrew/Cellar/maven/3.9.9/libexec/mvn_repo/org/awaitility/awaitility/4.2.1/awaitility-4.2.1.jar:/opt/homebrew/Cellar/maven/3.9.9/libexec/mvn_repo/org/hamcrest/hamcrest/2.2/hamcrest-2.2.jar:/opt/homebrew/Cellar/maven/3.9.9/libexec/mvn_repo/org/junit/jupiter/junit-jupiter/5.10.3/junit-jupiter-5.10.3.jar:/opt/homebrew/Cellar/maven/3.9.9/libexec/mvn_repo/org/junit/jupiter/junit-jupiter-api/5.10.3/junit-jupiter-api-5.10.3.jar:/opt/homebrew/Cellar/maven/3.9.9/libexec/mvn_repo/org/opentest4j/opentest4j/1.3.0/opentest4j-1.3.0.jar:/opt/homebrew/Cellar/maven/3.9.9/libexec/mvn_repo/org/junit/platform/junit-platform-commons/1.10.3/junit-platform-commons-1.10.3.jar:/opt/homebrew/Cellar/maven/3.9.9/libexec/mvn_repo/org/apiguardian/apiguardian-api/1.1.2/apiguardian-api-1.1.2.jar:/opt/homebrew/Cellar/maven/3.9.9/libexec/mvn_repo/org/junit/jupiter/junit-jupiter-params/5.10.3/junit-jupiter-params-5.10.3.jar:/opt/homebrew/Cellar/maven/3.9.9/libexec/mvn_repo/org/junit/jupiter/junit-jupiter-engine/5.10.3/junit-jupiter-engine-5.10.3.jar:/opt/homebrew/Cellar/maven/3.9.9/libexec/mvn_repo/org/junit/platform/junit-platform-engine/1.10.3/junit-platform-engine-1.10.3.jar:/opt/homebrew/Cellar/maven/3.9.9/libexec/mvn_repo/org/mockito/mockito-core/5.7.0/mockito-core-5.7.0.jar:/opt/homebrew/Cellar/maven/3.9.9/libexec/mvn_repo/net/bytebuddy/byte-buddy-agent/1.14.18/byte-buddy-agent-1.14.18.jar:/opt/homebrew/Cellar/maven/3.9.9/libexec/mvn_repo/org/objenesis/objenesis/3.3/objenesis-3.3.jar:/opt/homebrew/Cellar/maven/3.9.9/libexec/mvn_repo/org/mockito/mockito-junit-jupiter/5.7.0/mockito-junit-jupiter-5.7.0.jar:/opt/homebrew/Cellar/maven/3.9.9/libexec/mvn_repo/org/skyscreamer/jsonassert/1.5.3/jsonassert-1.5.3.jar:/opt/homebrew/Cellar/maven/3.9.9/libexec/mvn_repo/com/vaadin/external/google/android-json/0.0.20131108.vaadin1/android-json-0.0.20131108.vaadin1.jar:/opt/homebrew/Cellar/maven/3.9.9/libexec/mvn_repo/org/springframework/spring-core/6.1.11/spring-core-6.1.11.jar:/opt/homebrew/Cellar/maven/3.9.9/libexec/mvn_repo/org/springframework/spring-jcl/6.1.11/spring-jcl-6.1.11.jar:/opt/homebrew/Cellar/maven/3.9.9/libexec/mvn_repo/org/springframework/spring-test/6.1.11/spring-test-6.1.11.jar:/opt/homebrew/Cellar/maven/3.9.9/libexec/mvn_repo/org/xmlunit/xmlunit-core/2.9.1/xmlunit-core-2.9.1.jar:/opt/homebrew/Cellar/maven/3.9.9/libexec/mvn_repo/org/mybatis/spring/boot/mybatis-spring-boot-starter-test/3.0.3/mybatis-spring-boot-starter-test-3.0.3.jar:/opt/homebrew/Cellar/maven/3.9.9/libexec/mvn_repo/org/mybatis/spring/boot/mybatis-spring-boot-test-autoconfigure/3.0.3/mybatis-spring-boot-test-autoconfigure-3.0.3.jar:/opt/homebrew/Cellar/maven/3.9.9/libexec/mvn_repo/org/springframework/spring-tx/6.1.11/spring-tx-6.1.11.jar:/opt/homebrew/Cellar/maven/3.9.9/libexec/mvn_repo/com/github/pagehelper/pagehelper-spring-boot-starter/1.4.7/pagehelper-spring-boot-starter-1.4.7.jar:/opt/homebrew/Cellar/maven/3.9.9/libexec/mvn_repo/com/github/pagehelper/pagehelper-spring-boot-autoconfigure/1.4.7/pagehelper-spring-boot-autoconfigure-1.4.7.jar:/opt/homebrew/Cellar/maven/3.9.9/libexec/mvn_repo/com/github/pagehelper/pagehelper/5.3.3/pagehelper-5.3.3.jar:/opt/homebrew/Cellar/maven/3.9.9/libexec/mvn_repo/com/github/jsqlparser/jsqlparser/4.5/jsqlparser-4.5.jar:/opt/homebrew/Cellar/maven/3.9.9/libexec/mvn_repo/org/springframework/boot/spring-boot-starter-aop/3.2.8/spring-boot-starter-aop-3.2.8.jar:/opt/homebrew/Cellar/maven/3.9.9/libexec/mvn_repo/org/springframework/spring-aop/6.1.11/spring-aop-6.1.11.jar:/opt/homebrew/Cellar/maven/3.9.9/libexec/mvn_repo/org/aspectj/aspectjweaver/1.9.22.1/aspectjweaver-1.9.22.1.jar:/Users/zjl/Documents/Codes/javaweb/Maven/web-project02/tlias-pojo/target/tlias-pojo-1.0-SNAPSHOT.jar:/Users/zjl/Documents/Codes/javaweb/Maven/web-project02/tlias-utils/target/tlias-utils-1.0-SNAPSHOT.jar:/opt/homebrew/Cellar/maven/3.9.9/libexec/mvn_repo/io/jsonwebtoken/jjwt/0.9.1/jjwt-0.9.1.jar:/opt/homebrew/Cellar/maven/3.9.9/libexec/mvn_repo/com/aliyun/oss/aliyun-sdk-oss/3.17.4/aliyun-sdk-oss-3.17.4.jar:/opt/homebrew/Cellar/maven/3.9.9/libexec/mvn_repo/org/apache/httpcomponents/httpclient/4.5.13/httpclient-4.5.13.jar:/opt/homebrew/Cellar/maven/3.9.9/libexec/mvn_repo/org/apache/httpcomponents/httpcore/4.4.16/httpcore-4.4.16.jar:/opt/homebrew/Cellar/maven/3.9.9/libexec/mvn_repo/commons-logging/commons-logging/1.2/commons-logging-1.2.jar:/opt/homebrew/Cellar/maven/3.9.9/libexec/mvn_repo/commons-codec/commons-codec/1.16.1/commons-codec-1.16.1.jar:/opt/homebrew/Cellar/maven/3.9.9/libexec/mvn_repo/org/jdom/jdom2/2.0.6.1/jdom2-2.0.6.1.jar:/opt/homebrew/Cellar/maven/3.9.9/libexec/mvn_repo/org/codehaus/jettison/jettison/1.5.4/jettison-1.5.4.jar:/opt/homebrew/Cellar/maven/3.9.9/libexec/mvn_repo/com/aliyun/aliyun-java-sdk-core/4.5.10/aliyun-java-sdk-core-4.5.10.jar:/opt/homebrew/Cellar/maven/3.9.9/libexec/mvn_repo/com/google/code/gson/gson/2.10.1/gson-2.10.1.jar:/opt/homebrew/Cellar/maven/3.9.9/libexec/mvn_repo/org/jacoco/org.jacoco.agent/0.8.5/org.jacoco.agent-0.8.5-runtime.jar:/opt/homebrew/Cellar/maven/3.9.9/libexec/mvn_repo/org/ini4j/ini4j/0.5.4/ini4j-0.5.4.jar:/opt/homebrew/Cellar/maven/3.9.9/libexec/mvn_repo/io/opentracing/opentracing-api/0.33.0/opentracing-api-0.33.0.jar:/opt/homebrew/Cellar/maven/3.9.9/libexec/mvn_repo/io/opentracing/opentracing-util/0.33.0/opentracing-util-0.33.0.jar:/opt/homebrew/Cellar/maven/3.9.9/libexec/mvn_repo/io/opentracing/opentracing-noop/0.33.0/opentracing-noop-0.33.0.jar:/opt/homebrew/Cellar/maven/3.9.9/libexec/mvn_repo/com/aliyun/aliyun-java-sdk-ram/3.1.0/aliyun-java-sdk-ram-3.1.0.jar:/opt/homebrew/Cellar/maven/3.9.9/libexec/mvn_repo/com/aliyun/aliyun-java-sdk-kms/2.11.0/aliyun-java-sdk-kms-2.11.0.jar:/opt/homebrew/Cellar/maven/3.9.9/libexec/mvn_repo/javax/xml/bind/jaxb-api/2.3.1/jaxb-api-2.3.1.jar:/opt/homebrew/Cellar/maven/3.9.9/libexec/mvn_repo/javax/activation/javax.activation-api/1.2.0/javax.activation-api-1.2.0.jar:/opt/homebrew/Cellar/maven/3.9.9/libexec/mvn_repo/javax/activation/activation/1.1.1/activation-1.1.1.jar:/opt/homebrew/Cellar/maven/3.9.9/libexec/mvn_repo/org/glassfish/jaxb/jaxb-runtime/4.0.5/jaxb-runtime-4.0.5.jar:/opt/homebrew/Cellar/maven/3.9.9/libexec/mvn_repo/org/glassfish/jaxb/jaxb-core/4.0.5/jaxb-core-4.0.5.jar:/opt/homebrew/Cellar/maven/3.9.9/libexec/mvn_repo/org/eclipse/angus/angus-activation/2.0.2/angus-activation-2.0.2.jar:/opt/homebrew/Cellar/maven/3.9.9/libexec/mvn_repo/org/glassfish/jaxb/txw2/4.0.5/txw2-4.0.5.jar:/opt/homebrew/Cellar/maven/3.9.9/libexec/mvn_repo/com/sun/istack/istack-commons-runtime/4.1.2/istack-commons-runtime-4.1.2.jar:/opt/homebrew/Cellar/maven/3.9.9/libexec/mvn_repo/org/springframework/boot/spring-boot-starter/3.2.8/spring-boot-starter-3.2.8.jar:/opt/homebrew/Cellar/maven/3.9.9/libexec/mvn_repo/org/springframework/boot/spring-boot/3.2.8/spring-boot-3.2.8.jar:/opt/homebrew/Cellar/maven/3.9.9/libexec/mvn_repo/org/springframework/boot/spring-boot-autoconfigure/3.2.8/spring-boot-autoconfigure-3.2.8.jar:/opt/homebrew/Cellar/maven/3.9.9/libexec/mvn_repo/org/springframework/boot/spring-boot-starter-logging/3.2.8/spring-boot-starter-logging-3.2.8.jar:/opt/homebrew/Cellar/maven/3.9.9/libexec/mvn_repo/ch/qos/logback/logback-classic/1.4.14/logback-classic-1.4.14.jar:/opt/homebrew/Cellar/maven/3.9.9/libexec/mvn_repo/ch/qos/logback/logback-core/1.4.14/logback-core-1.4.14.jar:/opt/homebrew/Cellar/maven/3.9.9/libexec/mvn_repo/org/apache/logging/log4j/log4j-to-slf4j/2.21.1/log4j-to-slf4j-2.21.1.jar:/opt/homebrew/Cellar/maven/3.9.9/libexec/mvn_repo/org/apache/logging/log4j/log4j-api/2.21.1/log4j-api-2.21.1.jar:/opt/homebrew/Cellar/maven/3.9.9/libexec/mvn_repo/org/slf4j/jul-to-slf4j/2.0.13/jul-to-slf4j-2.0.13.jar:/opt/homebrew/Cellar/maven/3.9.9/libexec/mvn_repo/jakarta/annotation/jakarta.annotation-api/2.1.1/jakarta.annotation-api-2.1.1.jar:/opt/homebrew/Cellar/maven/3.9.9/libexec/mvn_repo/org/yaml/snakeyaml/2.2/snakeyaml-2.2.jar:/opt/homebrew/Cellar/maven/3.9.9/libexec/mvn_repo/org/projectlombok/lombok/1.18.34/lombok-1.18.34.jar:"/>
    <property name="sun.cpu.endian" value="little"/>
    <property name="user.home" value="/Users/zjl"/>
    <property name="user.language" value="zh"/>
    <property name="java.specification.vendor" value="Oracle Corporation"/>
    <property name="java.version.date" value="2024-10-15"/>
    <property name="java.home" value="/opt/homebrew/Cellar/openjdk@17/17.0.13/libexec/openjdk.jdk/Contents/Home"/>
    <property name="file.separator" value="/"/>
    <property name="https.proxyHost" value="127.0.0.1"/>
    <property name="basedir" value="/Users/zjl/Documents/Codes/javaweb/Maven/web-project02/tlias-web-management"/>
    <property name="java.vm.compressedOopsMode" value="Zero based"/>
    <property name="line.separator" value="&#10;"/>
    <property name="java.vm.specification.vendor" value="Oracle Corporation"/>
    <property name="java.specification.name" value="Java Platform API Specification"/>
    <property name="FILE_LOG_CHARSET" value="UTF-8"/>
    <property name="java.awt.headless" value="true"/>
    <property name="surefire.real.class.path" value="/Users/zjl/Documents/Codes/javaweb/Maven/web-project02/tlias-web-management/target/surefire/surefirebooter-20241223192932879_3.jar"/>
    <property name="user.script" value="Hans"/>
    <property name="sun.management.compiler" value="HotSpot 64-Bit Tiered Compilers"/>
    <property name="ftp.nonProxyHosts" value="skip-proxy = 127.0.0.1|*.skip-proxy = 127.0.0.1|192.168.0.0/16|*.192.168.0.0/16|10.0.0.0/8|*.10.0.0.0/8|172.16.0.0/12|*.172.16.0.0/12|100.64.0.0/10|*.100.64.0.0/10|localhost|*.localhost|local|*.local|iosapps.itunes.apple.com|*.iosapps.itunes.apple.com|seed-sequoia.siri.apple.com|*.seed-sequoia.siri.apple.com|sequoia.apple.com|*.sequoia.apple.com"/>
    <property name="java.runtime.version" value="17.0.13+0"/>
    <property name="user.name" value="zjl"/>
    <property name="path.separator" value=":"/>
    <property name="os.version" value="15.2"/>
    <property name="java.runtime.name" value="OpenJDK Runtime Environment"/>
    <property name="file.encoding" value="UTF-8"/>
    <property name="java.vm.name" value="OpenJDK 64-Bit Server VM"/>
    <property name="java.vendor.version" value="Homebrew"/>
    <property name="localRepository" value="/opt/homebrew/Cellar/maven/3.9.9/libexec/mvn_repo"/>
    <property name="java.vendor.url.bug" value="https://github.com/Homebrew/homebrew-core/issues"/>
    <property name="java.io.tmpdir" value="/var/folders/z0/0gfpqqdn4fx__nv_fg48pg0m0000gn/T/"/>
    <property name="idea.version" value="2024.3.1.1"/>
    <property name="java.version" value="17.0.13"/>
    <property name="user.dir" value="/Users/zjl/Documents/Codes/javaweb/Maven/web-project02/tlias-web-management"/>
    <property name="os.arch" value="aarch64"/>
    <property name="socksProxyPort" value="6153"/>
    <property name="java.vm.specification.name" value="Java Virtual Machine Specification"/>
    <property name="PID" value="57414"/>
    <property name="CONSOLE_LOG_CHARSET" value="UTF-8"/>
    <property name="native.encoding" value="UTF-8"/>
    <property name="java.library.path" value="/Users/zjl/Library/Java/Extensions:/Library/Java/Extensions:/Network/Library/Java/Extensions:/System/Library/Java/Extensions:/usr/lib/java:."/>
    <property name="java.vm.info" value="mixed mode, sharing"/>
    <property name="java.vendor" value="Homebrew"/>
    <property name="java.vm.version" value="17.0.13+0"/>
    <property name="java.specification.maintenance.version" value="1"/>
    <property name="sun.io.unicode.encoding" value="UnicodeBig"/>
    <property name="maven.repo.local" value="/opt/homebrew/Cellar/maven/3.9.9/libexec/mvn_repo"/>
    <property name="socksNonProxyHosts" value="skip-proxy = 127.0.0.1|*.skip-proxy = 127.0.0.1|192.168.0.0/16|*.192.168.0.0/16|10.0.0.0/8|*.10.0.0.0/8|172.16.0.0/12|*.172.16.0.0/12|100.64.0.0/10|*.100.64.0.0/10|localhost|*.localhost|local|*.local|iosapps.itunes.apple.com|*.iosapps.itunes.apple.com|seed-sequoia.siri.apple.com|*.seed-sequoia.siri.apple.com|sequoia.apple.com|*.sequoia.apple.com"/>
    <property name="java.class.version" value="61.0"/>
    <property name="LOGGED_APPLICATION_NAME" value="[tlias-web-management] "/>
    <property name="http.proxyPort" value="6152"/>
  </properties>
  <testcase name="testGenerateToken" classname="com.rapporbit.JwtTest" time="0.03">
    <system-out><![CDATA[eyJhbGciOiJIUzI1NiJ9.eyJpZCI6MSwiZGRkZCI6InNkc2RzIiwidXNlcm5hbWUiOiJhZG1pbiIsImV4cCI6MTczNTAzOTc3NX0.snZ1St3eMKPqzI485B8vMeUGC0bw--GnR3z8m3JAPAQ
]]></system-out>
  </testcase>
</testsuite>